2025-02-02T22:10:20.755Z [ERROR] [TwitchService] Failed to fetch Twitch streams
HttpStatusCodeError: Encountered HTTP status code 400: Bad Request

URL: token?grant_type=client_credentials&client_id=&client_secret=
Method: POST
Body:
{
  "status": 400,
  "message": "missing client id"
}
2025-02-02T22:10:21.102Z [ERROR] [HolodexService] Failed to fetch Holodex streams
Error: Request failed with status code 403
    at createError (/home/all/repos/LiveLink/node_modules/holodex.js/node_modules/axios/lib/core/createError.js:16:15)
    at settle (/home/all/repos/LiveLink/node_modules/holodex.js/node_modules/axios/lib/core/settle.js:17:12)
    at IncomingMessage.handleStreamEnd (/home/all/repos/LiveLink/node_modules/holodex.js/node_modules/axios/lib/adapters/http.js:269:11)
    at IncomingMessage.emit (node:events:519:35)
    at endReadableNT (node:internal/streams/readable:1696:12)
    at process.processTicksAndRejections (node:internal/process/task_queues:90:21)
2025-02-02T22:15:07.750Z [ERROR] [TwitchService] Failed to fetch Twitch streams
HttpStatusCodeError: Encountered HTTP status code 400: Bad Request

URL: token?grant_type=client_credentials&client_id=wtl7mwep6n5o1bgcpr0m1v6kae38i&client_secret=z0lc2ihp01tdt496chzro8x0pi0zxp
Method: POST
Body:
{
  "status": 400,
  "message": "invalid client"
}
2025-02-02T22:26:46.197Z [ERROR] [TwitchService] Failed to fetch Twitch streams
HttpStatusCodeError: Encountered HTTP status code 400: Bad Request

URL: token?grant_type=client_credentials&client_id=wtl7mwep6n5o1bgcpr0m1v6kae38i&client_secret=z0lc2ihp01tdt496chzro8x0pi0zxp
Method: POST
Body:
{
  "status": 400,
  "message": "invalid client"
}
2025-02-02T22:29:58.228Z [ERROR] [Server] Server error: ENOENT: no such file or directory, stat '/home/all/repos/LiveLink/build/index.html' [object Object]
Error: ENOENT: no such file or directory, stat '/home/all/repos/LiveLink/build/index.html'
2025-02-04T20:35:00.510Z [ERROR] [TwitchService] Failed to fetch Twitch streams
HttpStatusCodeError: Encountered HTTP status code 400: Bad Request

URL: token?grant_type=client_credentials&client_id=wtl7mwep6n5o1bgcpr0m1v6kae38i&client_secret=z0lc2ihp01tdt496chzro8x0pi0zxp
Method: POST
Body:
{
  "status": 400,
  "message": "invalid client"
}
2025-02-12T01:19:07.228Z [ERROR] [TwitchService] Failed to fetch Twitch streams
HttpStatusCodeError: Encountered HTTP status code 400: Bad Request

URL: streams?first=200
Method: GET
Body:
{"error":"Bad Request","status":400,"message":"The parameter \"first\" was malformed: the value must be less than or equal to 100"}
2025-02-12T01:19:12.650Z [ERROR] [TwitchService] Failed to fetch Twitch streams
HttpStatusCodeError: Encountered HTTP status code 400: Bad Request

URL: streams?first=200
Method: GET
Body:
{"error":"Bad Request","status":400,"message":"The parameter \"first\" was malformed: the value must be less than or equal to 100"}
2025-02-12T01:19:18.073Z [ERROR] [TwitchService] Failed to fetch Twitch streams
HttpStatusCodeError: Encountered HTTP status code 400: Bad Request

URL: streams?first=200
Method: GET
Body:
{"error":"Bad Request","status":400,"message":"The parameter \"first\" was malformed: the value must be less than or equal to 100"}
2025-02-12T01:19:23.850Z [ERROR] [TwitchService] Failed to fetch Twitch streams
HttpStatusCodeError: Encountered HTTP status code 400: Bad Request

URL: streams?first=200
Method: GET
Body:
{"error":"Bad Request","status":400,"message":"The parameter \"first\" was malformed: the value must be less than or equal to 100"}
2025-02-12T01:20:06.646Z [ERROR] [TwitchService] Failed to fetch Twitch streams
HttpStatusCodeError: Encountered HTTP status code 400: Bad Request

URL: streams?first=200
Method: GET
Body:
{"error":"Bad Request","status":400,"message":"The parameter \"first\" was malformed: the value must be less than or equal to 100"}
2025-02-12T01:20:12.095Z [ERROR] [TwitchService] Failed to fetch Twitch streams
HttpStatusCodeError: Encountered HTTP status code 400: Bad Request

URL: streams?first=200
Method: GET
Body:
{"error":"Bad Request","status":400,"message":"The parameter \"first\" was malformed: the value must be less than or equal to 100"}
2025-02-12T01:28:03.249Z [ERROR] [TwitchService] Failed to fetch Twitch streams
HttpStatusCodeError: Encountered HTTP status code 400: Bad Request

URL: streams?first=200
Method: GET
Body:
{"error":"Bad Request","status":400,"message":"The parameter \"first\" was malformed: the value must be less than or equal to 100"}
2025-02-12T01:28:08.722Z [ERROR] [TwitchService] Failed to fetch Twitch streams
HttpStatusCodeError: Encountered HTTP status code 400: Bad Request

URL: streams?first=200
Method: GET
Body:
{"error":"Bad Request","status":400,"message":"The parameter \"first\" was malformed: the value must be less than or equal to 100"}
2025-02-12T01:28:14.683Z [ERROR] [TwitchService] Failed to fetch Twitch streams
HttpStatusCodeError: Encountered HTTP status code 400: Bad Request

URL: streams?first=200
Method: GET
Body:
{"error":"Bad Request","status":400,"message":"The parameter \"first\" was malformed: the value must be less than or equal to 100"}
2025-02-12T01:28:20.173Z [ERROR] [TwitchService] Failed to fetch Twitch streams
HttpStatusCodeError: Encountered HTTP status code 400: Bad Request

URL: streams?first=200
Method: GET
Body:
{"error":"Bad Request","status":400,"message":"The parameter \"first\" was malformed: the value must be less than or equal to 100"}
